App-Flugsteuerung-Android5.1/app/build/intermediates/manifest_merge_blame_file/debug/processDebugMainManifest/manifest-merger-blame-debug-report.txt
1<?xml version="1.0" encoding="utf-8"?>
2<manifest xmlns:android="http://schemas.android.com/apk/res/android"
3    package="de.ungethuem.flugsteuerung"
4    android:versionCode="1"
5    android:versionName="1.0" >
6
7    <uses-sdk
8        android:minSdkVersion="22"
9        android:targetSdkVersion="35" />
10
11    <uses-permission android:name="android.permission.INTERNET" />
11-->src\main\AndroidManifest.xml:4:5-67
11-->src\main\AndroidManifest.xml:4:22-64
12    <uses-permission android:name="android.permission.ACCESS_NETWORK_STATE" />
12-->src\main\AndroidManifest.xml:5:5-79
12-->src\main\AndroidManifest.xml:5:22-76
13    <uses-permission android:name="android.permission.ACCESS_WIFI_STATE" />
13-->src\main\AndroidManifest.xml:6:5-76
13-->src\main\AndroidManifest.xml:6:22-73
14    <uses-permission android:name="android.permission.WAKE_LOCK" />
14-->src\main\AndroidManifest.xml:7:5-68
14-->src\main\AndroidManifest.xml:7:22-65
15
16    <application
16-->src\main\AndroidManifest.xml:9:5-28:19
17        android:allowBackup="true"
17-->src\main\AndroidManifest.xml:10:9-35
18        android:debuggable="true"
19        android:extractNativeLibs="true"
20        android:icon="@drawable/ic_launcher"
20-->src\main\AndroidManifest.xml:11:9-45
21        android:label="@string/app_name"
21-->src\main\AndroidManifest.xml:12:9-41
22        android:roundIcon="@drawable/ic_launcher"
22-->src\main\AndroidManifest.xml:13:9-50
23        android:supportsRtl="true"
23-->src\main\AndroidManifest.xml:14:9-35
24        android:theme="@style/AppTheme" >
24-->src\main\AndroidManifest.xml:15:9-40
25        <activity
25-->src\main\AndroidManifest.xml:16:9-27:20
26            android:name="de.ungethuem.flugsteuerung.MainActivity"
26-->src\main\AndroidManifest.xml:17:13-41
27            android:configChanges="orientation|screenSize"
27-->src\main\AndroidManifest.xml:20:13-59
28            android:exported="true"
28-->src\main\AndroidManifest.xml:18:13-36
29            android:keepScreenOn="true"
29-->src\main\AndroidManifest.xml:21:13-40
30            android:screenOrientation="landscape" >
30-->src\main\AndroidManifest.xml:19:13-50
31            <intent-filter>
31-->src\main\AndroidManifest.xml:22:13-26:29
32                <action android:name="android.intent.action.MAIN" />
32-->src\main\AndroidManifest.xml:23:17-69
32-->src\main\AndroidManifest.xml:23:25-66
33
34                <category android:name="android.intent.category.LAUNCHER" />
34-->src\main\AndroidManifest.xml:25:17-77
34-->src\main\AndroidManifest.xml:25:27-74
35            </intent-filter>
36        </activity>
37    </application>
38
39</manifest>